Added Component: Designator=C1(CP2/4)
Added Component: Designator=C2(CN3)
Added Component: Designator=C3(CP2/4)
Added Component: Designator=D1(DIODE/POW/3A)
Added Component: Designator=HD1(HED2)
Added Component: Designator=L1(CUON CAM 200mil)
Added Component: Designator=S1(SPST-2)
Added Component: Designator=U1(LM2576t)
Added Pin To Net: NetName=5V Pin=C1-1
Added Pin To Net: NetName=GND Pin=C1-2
Added Pin To Net: NetName=GND Pin=C2-1
Added Pin To Net: NetName=5V Pin=C2-2
Added Pin To Net: NetName=NetC3_1 Pin=C3-1
Added Pin To Net: NetName=GND Pin=C3-2
Added Pin To Net: NetName=GND Pin=D1-1
Added Pin To Net: NetName=NetD1_2 Pin=D1-2
Added Pin To Net: NetName=12V Pin=HD1-1
Added Pin To Net: NetName=GND Pin=HD1-2
Added Pin To Net: NetName=NetD1_2 Pin=L1-1
Added Pin To Net: NetName=5V Pin=L1-2
Added Pin To Net: NetName=12V Pin=S1-1
Added Pin To Net: NetName=NetC3_1 Pin=S1-2
Added Pin To Net: NetName=NetC3_1 Pin=U1-1
Added Pin To Net: NetName=NetD1_2 Pin=U1-2
Added Pin To Net: NetName=GND Pin=U1-3
Added Pin To Net: NetName=5V Pin=U1-4
Added Pin To Net: NetName=GND Pin=U1-5
Added Member To Class: ClassName=Sheet2 Member=Component C1 CAP 1000uF
Added Member To Class: ClassName=Sheet2 Member=Component C2 CAP gom
Added Member To Class: ClassName=Sheet2 Member=Component C3 CAP 1000uF
Added Member To Class: ClassName=Sheet2 Member=Component D1 FR307 3A
Added Member To Class: ClassName=Sheet2 Member=Component HD1 Header 2
Added Member To Class: ClassName=Sheet2 Member=Component L1 Conductor 150mH
Added Member To Class: ClassName=Sheet2 Member=Component S1 SW-SPST
Added Member To Class: ClassName=Sheet2 Member=Component U1 LM2576S
