Added Component: Designator=IC1(DIP14/W0.3)
Added Component: Designator=IC2(DIP14/W0.3)
Added Component: Designator=JP1(JP8)
Added Component: Designator=JP2(JP8)
Added Component: Designator=VR1(VR)
Added Component: Designator=VR2(VR)
Added Component: Designator=VR3(VR)
Added Component: Designator=VR4(VR)
Added Component: Designator=VR5(VR)
Added Component: Designator=VR6(VR)
Added Pin To Net: NetName=GND Pin=IC1-11
Added Pin To Net: NetName=GND Pin=IC2-11
Added Pin To Net: NetName=GND Pin=JP1-8
Added Pin To Net: NetName=GND Pin=JP2-8
Added Pin To Net: NetName=GND Pin=VR1-3
Added Pin To Net: NetName=GND Pin=VR2-3
Added Pin To Net: NetName=GND Pin=VR3-3
Added Pin To Net: NetName=GND Pin=VR4-3
Added Pin To Net: NetName=GND Pin=VR5-3
Added Pin To Net: NetName=GND Pin=VR6-3
Added Net: Name=GND
Added Pin To Net: NetName=NetIC1_3 Pin=IC1-3
Added Pin To Net: NetName=NetIC1_3 Pin=VR1-2
Added Net: Name=NetIC1_3
Added Pin To Net: NetName=NetIC1_5 Pin=IC1-5
Added Pin To Net: NetName=NetIC1_5 Pin=VR2-2
Added Net: Name=NetIC1_5
Added Pin To Net: NetName=NetIC1_10 Pin=IC1-10
Added Pin To Net: NetName=NetIC1_10 Pin=VR3-2
Added Net: Name=NetIC1_10
Added Pin To Net: NetName=NetIC1_12 Pin=IC1-12
Added Pin To Net: NetName=NetIC1_12 Pin=VR5-2
Added Net: Name=NetIC1_12
Added Pin To Net: NetName=NetIC2_3 Pin=IC2-3
Added Pin To Net: NetName=NetIC2_3 Pin=VR4-2
Added Net: Name=NetIC2_3
Added Pin To Net: NetName=NetIC2_5 Pin=IC2-5
Added Pin To Net: NetName=NetIC2_5 Pin=VR6-2
Added Net: Name=NetIC2_5
Added Pin To Net: NetName=OUT1 Pin=IC1-2
Added Pin To Net: NetName=OUT1 Pin=JP1-2
Added Net: Name=OUT1
Added Pin To Net: NetName=OUT2 Pin=IC1-6
Added Pin To Net: NetName=OUT2 Pin=JP1-3
Added Net: Name=OUT2
Added Pin To Net: NetName=OUT3 Pin=IC1-9
Added Pin To Net: NetName=OUT3 Pin=JP1-4
Added Net: Name=OUT3
Added Pin To Net: NetName=OUT4 Pin=IC1-13
Added Pin To Net: NetName=OUT4 Pin=JP1-5
Added Net: Name=OUT4
Added Pin To Net: NetName=OUT5 Pin=IC2-6
Added Pin To Net: NetName=OUT5 Pin=JP1-6
Added Net: Name=OUT5
Added Pin To Net: NetName=OUT6 Pin=IC2-2
Added Pin To Net: NetName=OUT6 Pin=JP1-7
Added Net: Name=OUT6
Added Pin To Net: NetName=SIGNAL1 Pin=IC1-1
Added Pin To Net: NetName=SIGNAL1 Pin=JP2-2
Added Net: Name=SIGNAL1
Added Pin To Net: NetName=SIGNAL2 Pin=IC1-7
Added Pin To Net: NetName=SIGNAL2 Pin=JP2-3
Added Net: Name=SIGNAL2
Added Pin To Net: NetName=SIGNAL3 Pin=IC1-8
Added Pin To Net: NetName=SIGNAL3 Pin=JP2-4
Added Net: Name=SIGNAL3
Added Pin To Net: NetName=SIGNAL4 Pin=IC1-14
Added Pin To Net: NetName=SIGNAL4 Pin=JP2-5
Added Net: Name=SIGNAL4
Added Pin To Net: NetName=SIGNAL5 Pin=IC2-7
Added Pin To Net: NetName=SIGNAL5 Pin=JP2-6
Added Net: Name=SIGNAL5
Added Pin To Net: NetName=SIGNAL6 Pin=IC2-1
Added Pin To Net: NetName=SIGNAL6 Pin=JP2-7
Added Net: Name=SIGNAL6
Added Pin To Net: NetName=VCC Pin=IC1-4
Added Pin To Net: NetName=VCC Pin=IC2-4
Added Pin To Net: NetName=VCC Pin=JP1-1
Added Pin To Net: NetName=VCC Pin=JP2-1
Added Pin To Net: NetName=VCC Pin=VR1-1
Added Pin To Net: NetName=VCC Pin=VR2-1
Added Pin To Net: NetName=VCC Pin=VR3-1
Added Pin To Net: NetName=VCC Pin=VR4-1
Added Pin To Net: NetName=VCC Pin=VR5-1
Added Pin To Net: NetName=VCC Pin=VR6-1
Added Net: Name=VCC
Added Class: Name=OpAMP_Sensor
Added Room: Name=OpAMP_Sensor
