Added Component: Designator=IC1(DIP14/W0.3)
Added Component: Designator=VR1(VR)
Added Component: Designator=VR2(VR)
Added Component: Designator=VR3(VR)
Added Component: Designator=VR5(VR)
Added Pin To Net: NetName=SIGNAL1 Pin=IC1-1
Added Pin To Net: NetName=OUT1 Pin=IC1-2
Added Pin To Net: NetName=NetIC1_3 Pin=IC1-3
Added Pin To Net: NetName=VCC Pin=IC1-4
Added Pin To Net: NetName=NetIC1_5 Pin=IC1-5
Added Pin To Net: NetName=OUT2 Pin=IC1-6
Added Pin To Net: NetName=SIGNAL2 Pin=IC1-7
Added Pin To Net: NetName=SIGNAL3 Pin=IC1-8
Added Pin To Net: NetName=OUT3 Pin=IC1-9
Added Pin To Net: NetName=NetIC1_10 Pin=IC1-10
Added Pin To Net: NetName=GND Pin=IC1-11
Added Pin To Net: NetName=NetIC1_12 Pin=IC1-12
Added Pin To Net: NetName=OUT4 Pin=IC1-13
Added Pin To Net: NetName=SIGNAL4 Pin=IC1-14
Added Pin To Net: NetName=VCC Pin=VR1-1
Added Pin To Net: NetName=NetIC1_3 Pin=VR1-2
Added Pin To Net: NetName=GND Pin=VR1-3
Added Pin To Net: NetName=VCC Pin=VR2-1
Added Pin To Net: NetName=NetIC1_5 Pin=VR2-2
Added Pin To Net: NetName=GND Pin=VR2-3
Added Pin To Net: NetName=VCC Pin=VR3-1
Added Pin To Net: NetName=NetIC1_10 Pin=VR3-2
Added Pin To Net: NetName=GND Pin=VR3-3
Added Pin To Net: NetName=VCC Pin=VR5-1
Added Pin To Net: NetName=NetIC1_12 Pin=VR5-2
Added Pin To Net: NetName=GND Pin=VR5-3
Added Member To Class: ClassName=OpAMP_Sensor Member=Component IC1 LM324
Added Member To Class: ClassName=OpAMP_Sensor Member=Component VR1 10K
Added Member To Class: ClassName=OpAMP_Sensor Member=Component VR2 10K
Added Member To Class: ClassName=OpAMP_Sensor Member=Component VR3 10K
Added Member To Class: ClassName=OpAMP_Sensor Member=Component VR5 10K
Added Room: Name=OpAMP_Sensor
